Vivado Simulator 2019.1
Copyright 1986-1999, 2001-2019 Xilinx, Inc. All Rights Reserved.
Running: E:/Xilinx/Vivado/2019.1/bin/unwrapped/win64.o/xelab.exe -wto 85729915cf4048d290fdf0852eaba9db --incr --debug typical --relax --mt 2 -L xil_defaultlib -L axi_infrastructure_v1_1_0 -L axi_vip_v1_1_5 -L processing_system7_vip_v1_0_7 -L lib_cdc_v1_0_2 -L proc_sys_reset_v5_0_13 -L xlslice_v1_0_2 -L fifo_generator_v13_2_4 -L gigantic_mux -L xlconcat_v2_1_3 -L generic_baseblocks_v2_1_0 -L axi_register_slice_v2_1_19 -L axi_data_fifo_v2_1_18 -L axi_crossbar_v2_1_20 -L axi_protocol_converter_v2_1_19 -L xilinx_vip -L unisims_ver -L unimacro_ver -L secureip -L xpm --snapshot Zynq_Design_wrapper_behav xil_defaultlib.Zynq_Design_wrapper xil_defaultlib.glbl -log elaborate.log 
Using 2 slave threads.
Starting static elaboration
WARNING: [VRFC 10-3091] actual bit length 1 differs from formal bit length 2 for port 'slot_0_axi_awid' [G:/Xilinx/Projects/Desktop/AXI_4_Lite_Slave/AXI_4_Lite_Slave.ip_user_files/bd/Zynq_Design/ip/Zynq_Design_system_ila_0_0/bd_0/ip/ip_1/sim/bd_8632_g_inst_0.v:2246]
WARNING: [VRFC 10-3091] actual bit length 32 differs from formal bit length 4 for port 'slot_0_axi_awcache' [G:/Xilinx/Projects/Desktop/AXI_4_Lite_Slave/AXI_4_Lite_Slave.ip_user_files/bd/Zynq_Design/ip/Zynq_Design_system_ila_0_0/bd_0/ip/ip_1/sim/bd_8632_g_inst_0.v:2252]
WARNING: [VRFC 10-3091] actual bit length 1 differs from formal bit length 2 for port 'slot_0_axi_bid' [G:/Xilinx/Projects/Desktop/AXI_4_Lite_Slave/AXI_4_Lite_Slave.ip_user_files/bd/Zynq_Design/ip/Zynq_Design_system_ila_0_0/bd_0/ip/ip_1/sim/bd_8632_g_inst_0.v:2261]
WARNING: [VRFC 10-3091] actual bit length 1 differs from formal bit length 2 for port 'slot_0_axi_arid' [G:/Xilinx/Projects/Desktop/AXI_4_Lite_Slave/AXI_4_Lite_Slave.ip_user_files/bd/Zynq_Design/ip/Zynq_Design_system_ila_0_0/bd_0/ip/ip_1/sim/bd_8632_g_inst_0.v:2265]
WARNING: [VRFC 10-3091] actual bit length 32 differs from formal bit length 4 for port 'slot_0_axi_arcache' [G:/Xilinx/Projects/Desktop/AXI_4_Lite_Slave/AXI_4_Lite_Slave.ip_user_files/bd/Zynq_Design/ip/Zynq_Design_system_ila_0_0/bd_0/ip/ip_1/sim/bd_8632_g_inst_0.v:2270]
WARNING: [VRFC 10-3091] actual bit length 1 differs from formal bit length 2 for port 'slot_0_axi_rid' [G:/Xilinx/Projects/Desktop/AXI_4_Lite_Slave/AXI_4_Lite_Slave.ip_user_files/bd/Zynq_Design/ip/Zynq_Design_system_ila_0_0/bd_0/ip/ip_1/sim/bd_8632_g_inst_0.v:2275]
WARNING: [VRFC 10-3091] actual bit length 32 differs from formal bit length 4 for port 'slot_1_axi_awcache' [G:/Xilinx/Projects/Desktop/AXI_4_Lite_Slave/AXI_4_Lite_Slave.ip_user_files/bd/Zynq_Design/ip/Zynq_Design_system_ila_0_0/bd_0/ip/ip_1/sim/bd_8632_g_inst_0.v:2296]
WARNING: [VRFC 10-3091] actual bit length 32 differs from formal bit length 4 for port 'slot_1_axi_arcache' [G:/Xilinx/Projects/Desktop/AXI_4_Lite_Slave/AXI_4_Lite_Slave.ip_user_files/bd/Zynq_Design/ip/Zynq_Design_system_ila_0_0/bd_0/ip/ip_1/sim/bd_8632_g_inst_0.v:2314]
WARNING: [VRFC 10-3091] actual bit length 32 differs from formal bit length 4 for port 'slot_2_axi_awcache' [G:/Xilinx/Projects/Desktop/AXI_4_Lite_Slave/AXI_4_Lite_Slave.ip_user_files/bd/Zynq_Design/ip/Zynq_Design_system_ila_0_0/bd_0/ip/ip_1/sim/bd_8632_g_inst_0.v:2340]
WARNING: [VRFC 10-3091] actual bit length 32 differs from formal bit length 4 for port 'slot_2_axi_arcache' [G:/Xilinx/Projects/Desktop/AXI_4_Lite_Slave/AXI_4_Lite_Slave.ip_user_files/bd/Zynq_Design/ip/Zynq_Design_system_ila_0_0/bd_0/ip/ip_1/sim/bd_8632_g_inst_0.v:2358]
WARNING: [VRFC 10-3091] actual bit length 32 differs from formal bit length 4 for port 'slot_3_axi_awcache' [G:/Xilinx/Projects/Desktop/AXI_4_Lite_Slave/AXI_4_Lite_Slave.ip_user_files/bd/Zynq_Design/ip/Zynq_Design_system_ila_0_0/bd_0/ip/ip_1/sim/bd_8632_g_inst_0.v:2384]
WARNING: [VRFC 10-3091] actual bit length 32 differs from formal bit length 4 for port 'slot_3_axi_arcache' [G:/Xilinx/Projects/Desktop/AXI_4_Lite_Slave/AXI_4_Lite_Slave.ip_user_files/bd/Zynq_Design/ip/Zynq_Design_system_ila_0_0/bd_0/ip/ip_1/sim/bd_8632_g_inst_0.v:2402]
WARNING: [VRFC 10-3091] actual bit length 32 differs from formal bit length 4 for port 'slot_4_axi_awcache' [G:/Xilinx/Projects/Desktop/AXI_4_Lite_Slave/AXI_4_Lite_Slave.ip_user_files/bd/Zynq_Design/ip/Zynq_Design_system_ila_0_0/bd_0/ip/ip_1/sim/bd_8632_g_inst_0.v:2428]
WARNING: [VRFC 10-3091] actual bit length 32 differs from formal bit length 4 for port 'slot_4_axi_arcache' [G:/Xilinx/Projects/Desktop/AXI_4_Lite_Slave/AXI_4_Lite_Slave.ip_user_files/bd/Zynq_Design/ip/Zynq_Design_system_ila_0_0/bd_0/ip/ip_1/sim/bd_8632_g_inst_0.v:2446]
WARNING: [VRFC 10-3091] actual bit length 32 differs from formal bit length 4 for port 'slot_5_axi_awcache' [G:/Xilinx/Projects/Desktop/AXI_4_Lite_Slave/AXI_4_Lite_Slave.ip_user_files/bd/Zynq_Design/ip/Zynq_Design_system_ila_0_0/bd_0/ip/ip_1/sim/bd_8632_g_inst_0.v:2472]
WARNING: [VRFC 10-3091] actual bit length 32 differs from formal bit length 4 for port 'slot_5_axi_arcache' [G:/Xilinx/Projects/Desktop/AXI_4_Lite_Slave/AXI_4_Lite_Slave.ip_user_files/bd/Zynq_Design/ip/Zynq_Design_system_ila_0_0/bd_0/ip/ip_1/sim/bd_8632_g_inst_0.v:2490]
WARNING: [VRFC 10-3091] actual bit length 32 differs from formal bit length 4 for port 'slot_6_axi_awcache' [G:/Xilinx/Projects/Desktop/AXI_4_Lite_Slave/AXI_4_Lite_Slave.ip_user_files/bd/Zynq_Design/ip/Zynq_Design_system_ila_0_0/bd_0/ip/ip_1/sim/bd_8632_g_inst_0.v:2516]
WARNING: [VRFC 10-3091] actual bit length 32 differs from formal bit length 4 for port 'slot_6_axi_arcache' [G:/Xilinx/Projects/Desktop/AXI_4_Lite_Slave/AXI_4_Lite_Slave.ip_user_files/bd/Zynq_Design/ip/Zynq_Design_system_ila_0_0/bd_0/ip/ip_1/sim/bd_8632_g_inst_0.v:2534]
WARNING: [VRFC 10-3091] actual bit length 32 differs from formal bit length 4 for port 'slot_7_axi_awcache' [G:/Xilinx/Projects/Desktop/AXI_4_Lite_Slave/AXI_4_Lite_Slave.ip_user_files/bd/Zynq_Design/ip/Zynq_Design_system_ila_0_0/bd_0/ip/ip_1/sim/bd_8632_g_inst_0.v:2560]
WARNING: [VRFC 10-3091] actual bit length 32 differs from formal bit length 4 for port 'slot_7_axi_arcache' [G:/Xilinx/Projects/Desktop/AXI_4_Lite_Slave/AXI_4_Lite_Slave.ip_user_files/bd/Zynq_Design/ip/Zynq_Design_system_ila_0_0/bd_0/ip/ip_1/sim/bd_8632_g_inst_0.v:2578]
WARNING: [VRFC 10-3091] actual bit length 32 differs from formal bit length 4 for port 'slot_8_axi_awcache' [G:/Xilinx/Projects/Desktop/AXI_4_Lite_Slave/AXI_4_Lite_Slave.ip_user_files/bd/Zynq_Design/ip/Zynq_Design_system_ila_0_0/bd_0/ip/ip_1/sim/bd_8632_g_inst_0.v:2604]
WARNING: [VRFC 10-3091] actual bit length 32 differs from formal bit length 4 for port 'slot_8_axi_arcache' [G:/Xilinx/Projects/Desktop/AXI_4_Lite_Slave/AXI_4_Lite_Slave.ip_user_files/bd/Zynq_Design/ip/Zynq_Design_system_ila_0_0/bd_0/ip/ip_1/sim/bd_8632_g_inst_0.v:2622]
WARNING: [VRFC 10-3091] actual bit length 32 differs from formal bit length 4 for port 'slot_9_axi_awcache' [G:/Xilinx/Projects/Desktop/AXI_4_Lite_Slave/AXI_4_Lite_Slave.ip_user_files/bd/Zynq_Design/ip/Zynq_Design_system_ila_0_0/bd_0/ip/ip_1/sim/bd_8632_g_inst_0.v:2648]
WARNING: [VRFC 10-3091] actual bit length 3 differs from formal bit length 4 for port 'slot_9_axi_wstrb' [G:/Xilinx/Projects/Desktop/AXI_4_Lite_Slave/AXI_4_Lite_Slave.ip_user_files/bd/Zynq_Design/ip/Zynq_Design_system_ila_0_0/bd_0/ip/ip_1/sim/bd_8632_g_inst_0.v:2653]
WARNING: [VRFC 10-3091] actual bit length 32 differs from formal bit length 4 for port 'slot_9_axi_arcache' [G:/Xilinx/Projects/Desktop/AXI_4_Lite_Slave/AXI_4_Lite_Slave.ip_user_files/bd/Zynq_Design/ip/Zynq_Design_system_ila_0_0/bd_0/ip/ip_1/sim/bd_8632_g_inst_0.v:2666]
WARNING: [VRFC 10-3091] actual bit length 3 differs from formal bit length 4 for port 'slot_9_axis_tstrb' [G:/Xilinx/Projects/Desktop/AXI_4_Lite_Slave/AXI_4_Lite_Slave.ip_user_files/bd/Zynq_Design/ip/Zynq_Design_system_ila_0_0/bd_0/ip/ip_1/sim/bd_8632_g_inst_0.v:2680]
WARNING: [VRFC 10-3091] actual bit length 3 differs from formal bit length 4 for port 'slot_9_axis_tkeep' [G:/Xilinx/Projects/Desktop/AXI_4_Lite_Slave/AXI_4_Lite_Slave.ip_user_files/bd/Zynq_Design/ip/Zynq_Design_system_ila_0_0/bd_0/ip/ip_1/sim/bd_8632_g_inst_0.v:2681]
WARNING: [VRFC 10-3091] actual bit length 32 differs from formal bit length 4 for port 'slot_10_axi_awcache' [G:/Xilinx/Projects/Desktop/AXI_4_Lite_Slave/AXI_4_Lite_Slave.ip_user_files/bd/Zynq_Design/ip/Zynq_Design_system_ila_0_0/bd_0/ip/ip_1/sim/bd_8632_g_inst_0.v:2692]
WARNING: [VRFC 10-3091] actual bit length 32 differs from formal bit length 4 for port 'slot_10_axi_arcache' [G:/Xilinx/Projects/Desktop/AXI_4_Lite_Slave/AXI_4_Lite_Slave.ip_user_files/bd/Zynq_Design/ip/Zynq_Design_system_ila_0_0/bd_0/ip/ip_1/sim/bd_8632_g_inst_0.v:2710]
WARNING: [VRFC 10-3091] actual bit length 32 differs from formal bit length 4 for port 'slot_11_axi_awcache' [G:/Xilinx/Projects/Desktop/AXI_4_Lite_Slave/AXI_4_Lite_Slave.ip_user_files/bd/Zynq_Design/ip/Zynq_Design_system_ila_0_0/bd_0/ip/ip_1/sim/bd_8632_g_inst_0.v:2736]
WARNING: [VRFC 10-3091] actual bit length 32 differs from formal bit length 4 for port 'slot_11_axi_arcache' [G:/Xilinx/Projects/Desktop/AXI_4_Lite_Slave/AXI_4_Lite_Slave.ip_user_files/bd/Zynq_Design/ip/Zynq_Design_system_ila_0_0/bd_0/ip/ip_1/sim/bd_8632_g_inst_0.v:2754]
WARNING: [VRFC 10-3091] actual bit length 32 differs from formal bit length 4 for port 'slot_12_axi_awcache' [G:/Xilinx/Projects/Desktop/AXI_4_Lite_Slave/AXI_4_Lite_Slave.ip_user_files/bd/Zynq_Design/ip/Zynq_Design_system_ila_0_0/bd_0/ip/ip_1/sim/bd_8632_g_inst_0.v:2780]
WARNING: [VRFC 10-3091] actual bit length 32 differs from formal bit length 4 for port 'slot_12_axi_arcache' [G:/Xilinx/Projects/Desktop/AXI_4_Lite_Slave/AXI_4_Lite_Slave.ip_user_files/bd/Zynq_Design/ip/Zynq_Design_system_ila_0_0/bd_0/ip/ip_1/sim/bd_8632_g_inst_0.v:2798]
WARNING: [VRFC 10-3091] actual bit length 32 differs from formal bit length 4 for port 'slot_13_axi_awcache' [G:/Xilinx/Projects/Desktop/AXI_4_Lite_Slave/AXI_4_Lite_Slave.ip_user_files/bd/Zynq_Design/ip/Zynq_Design_system_ila_0_0/bd_0/ip/ip_1/sim/bd_8632_g_inst_0.v:2824]
WARNING: [VRFC 10-3091] actual bit length 32 differs from formal bit length 4 for port 'slot_13_axi_arcache' [G:/Xilinx/Projects/Desktop/AXI_4_Lite_Slave/AXI_4_Lite_Slave.ip_user_files/bd/Zynq_Design/ip/Zynq_Design_system_ila_0_0/bd_0/ip/ip_1/sim/bd_8632_g_inst_0.v:2842]
WARNING: [VRFC 10-3091] actual bit length 32 differs from formal bit length 4 for port 'slot_14_axi_awcache' [G:/Xilinx/Projects/Desktop/AXI_4_Lite_Slave/AXI_4_Lite_Slave.ip_user_files/bd/Zynq_Design/ip/Zynq_Design_system_ila_0_0/bd_0/ip/ip_1/sim/bd_8632_g_inst_0.v:2868]
WARNING: [VRFC 10-3091] actual bit length 32 differs from formal bit length 4 for port 'slot_14_axi_arcache' [G:/Xilinx/Projects/Desktop/AXI_4_Lite_Slave/AXI_4_Lite_Slave.ip_user_files/bd/Zynq_Design/ip/Zynq_Design_system_ila_0_0/bd_0/ip/ip_1/sim/bd_8632_g_inst_0.v:2886]
WARNING: [VRFC 10-3091] actual bit length 32 differs from formal bit length 4 for port 'slot_15_axi_awcache' [G:/Xilinx/Projects/Desktop/AXI_4_Lite_Slave/AXI_4_Lite_Slave.ip_user_files/bd/Zynq_Design/ip/Zynq_Design_system_ila_0_0/bd_0/ip/ip_1/sim/bd_8632_g_inst_0.v:2912]
WARNING: [VRFC 10-3091] actual bit length 32 differs from formal bit length 4 for port 'slot_15_axi_arcache' [G:/Xilinx/Projects/Desktop/AXI_4_Lite_Slave/AXI_4_Lite_Slave.ip_user_files/bd/Zynq_Design/ip/Zynq_Design_system_ila_0_0/bd_0/ip/ip_1/sim/bd_8632_g_inst_0.v:2930]
WARNING: [VRFC 10-3091] actual bit length 16 differs from formal bit length 1 for port 'sel' [G:/Xilinx/Projects/Desktop/AXI_4_Lite_Slave/AXI_4_Lite_Slave.ip_user_files/bd/Zynq_Design/ip/Zynq_Design_system_ila_0_0/bd_0/ip/ip_1/sim/bd_8632_g_inst_0.v:3830]
WARNING: [VRFC 10-3091] actual bit length 1 differs from formal bit length 2 for port 'slot_0_axi_awuser' [G:/Xilinx/Projects/Desktop/AXI_4_Lite_Slave/AXI_4_Lite_Slave.ip_user_files/bd/Zynq_Design/ip/Zynq_Design_system_ila_0_0/bd_0/ip/ip_1/sim/bd_8632_g_inst_0.v:3831]
WARNING: [VRFC 10-3091] actual bit length 1 differs from formal bit length 2 for port 'slot_0_axi_wuser' [G:/Xilinx/Projects/Desktop/AXI_4_Lite_Slave/AXI_4_Lite_Slave.ip_user_files/bd/Zynq_Design/ip/Zynq_Design_system_ila_0_0/bd_0/ip/ip_1/sim/bd_8632_g_inst_0.v:3832]
WARNING: [VRFC 10-3091] actual bit length 1 differs from formal bit length 2 for port 'slot_0_axi_buser' [G:/Xilinx/Projects/Desktop/AXI_4_Lite_Slave/AXI_4_Lite_Slave.ip_user_files/bd/Zynq_Design/ip/Zynq_Design_system_ila_0_0/bd_0/ip/ip_1/sim/bd_8632_g_inst_0.v:3833]
WARNING: [VRFC 10-3091] actual bit length 1 differs from formal bit length 2 for port 'slot_0_axi_aruser' [G:/Xilinx/Projects/Desktop/AXI_4_Lite_Slave/AXI_4_Lite_Slave.ip_user_files/bd/Zynq_Design/ip/Zynq_Design_system_ila_0_0/bd_0/ip/ip_1/sim/bd_8632_g_inst_0.v:3834]
WARNING: [VRFC 10-3091] actual bit length 1 differs from formal bit length 2 for port 'slot_0_axi_ruser' [G:/Xilinx/Projects/Desktop/AXI_4_Lite_Slave/AXI_4_Lite_Slave.ip_user_files/bd/Zynq_Design/ip/Zynq_Design_system_ila_0_0/bd_0/ip/ip_1/sim/bd_8632_g_inst_0.v:3835]
WARNING: [VRFC 10-3091] actual bit length 1 differs from formal bit length 2 for port 'slot_0_axi_wid' [G:/Xilinx/Projects/Desktop/AXI_4_Lite_Slave/AXI_4_Lite_Slave.ip_user_files/bd/Zynq_Design/ip/Zynq_Design_system_ila_0_0/bd_0/ip/ip_1/sim/bd_8632_g_inst_0.v:4012]
WARNING: [VRFC 10-3091] actual bit length 128 differs from formal bit length 64 for port 'WR_DATA_STRB' [/proj/xbuilds/2019.1_0524_1430/infra/XSIM/lin/.cxl.ip/incl/processing_system7_vip_v1_0_7_axi_gp.v:208]
WARNING: [VRFC 10-3091] actual bit length 12 differs from formal bit length 6 for port 'm_axi_bid' [/wrk/2019.1/continuous/2019_05_24_2552052/packages/customer/vivado/data/ip/xilinx/processing_system7_vip_v1_0/hdl/processing_system7_vip_v1_0_vl_rfs.sv:5496]
WARNING: [VRFC 10-3091] actual bit length 12 differs from formal bit length 6 for port 'm_axi_rid' [/wrk/2019.1/continuous/2019_05_24_2552052/packages/customer/vivado/data/ip/xilinx/processing_system7_vip_v1_0/hdl/processing_system7_vip_v1_0_vl_rfs.sv:5514]
WARNING: [VRFC 10-3091] actual bit length 128 differs from formal bit length 64 for port 'WR_DATA_STRB' [/proj/xbuilds/2019.1_0524_1430/infra/XSIM/lin/.cxl.ip/incl/processing_system7_vip_v1_0_7_axi_gp.v:292]
WARNING: [VRFC 10-3091] actual bit length 8 differs from formal bit length 9 for port 'WR_BYTES' [/proj/xbuilds/2019.1_0524_1430/infra/XSIM/lin/.cxl.ip/incl/processing_system7_vip_v1_0_7_axi_hp.v:80]
WARNING: [VRFC 10-3091] actual bit length 8 differs from formal bit length 9 for port 'RD_BYTES' [/proj/xbuilds/2019.1_0524_1430/infra/XSIM/lin/.cxl.ip/incl/processing_system7_vip_v1_0_7_axi_hp.v:89]
WARNING: [VRFC 10-3091] actual bit length 12 differs from formal bit length 6 for port 'm_axi_bid' [/wrk/2019.1/continuous/2019_05_24_2552052/packages/customer/vivado/data/ip/xilinx/processing_system7_vip_v1_0/hdl/processing_system7_vip_v1_0_vl_rfs.sv:10203]
WARNING: [VRFC 10-3091] actual bit length 12 differs from formal bit length 6 for port 'm_axi_rid' [/wrk/2019.1/continuous/2019_05_24_2552052/packages/customer/vivado/data/ip/xilinx/processing_system7_vip_v1_0/hdl/processing_system7_vip_v1_0_vl_rfs.sv:10221]
WARNING: [VRFC 10-3091] actual bit length 32 differs from formal bit length 64 for port 'm_axi_rdata' [/wrk/2019.1/continuous/2019_05_24_2552052/packages/customer/vivado/data/ip/xilinx/processing_system7_vip_v1_0/hdl/processing_system7_vip_v1_0_vl_rfs.sv:10222]
WARNING: [VRFC 10-3091] actual bit length 8 differs from formal bit length 9 for port 'WR_BYTES' [/proj/xbuilds/2019.1_0524_1430/infra/XSIM/lin/.cxl.ip/incl/processing_system7_vip_v1_0_7_axi_hp.v:165]
WARNING: [VRFC 10-3091] actual bit length 8 differs from formal bit length 9 for port 'RD_BYTES' [/proj/xbuilds/2019.1_0524_1430/infra/XSIM/lin/.cxl.ip/incl/processing_system7_vip_v1_0_7_axi_hp.v:174]
WARNING: [VRFC 10-3091] actual bit length 8 differs from formal bit length 9 for port 'WR_BYTES' [/proj/xbuilds/2019.1_0524_1430/infra/XSIM/lin/.cxl.ip/incl/processing_system7_vip_v1_0_7_axi_hp.v:251]
WARNING: [VRFC 10-3091] actual bit length 8 differs from formal bit length 9 for port 'RD_BYTES' [/proj/xbuilds/2019.1_0524_1430/infra/XSIM/lin/.cxl.ip/incl/processing_system7_vip_v1_0_7_axi_hp.v:260]
WARNING: [VRFC 10-3091] actual bit length 8 differs from formal bit length 9 for port 'WR_BYTES' [/proj/xbuilds/2019.1_0524_1430/infra/XSIM/lin/.cxl.ip/incl/processing_system7_vip_v1_0_7_axi_hp.v:337]
WARNING: [VRFC 10-3091] actual bit length 8 differs from formal bit length 9 for port 'RD_BYTES' [/proj/xbuilds/2019.1_0524_1430/infra/XSIM/lin/.cxl.ip/incl/processing_system7_vip_v1_0_7_axi_hp.v:346]
WARNING: [VRFC 10-3091] actual bit length 12 differs from formal bit length 3 for port 'm_axi_bid' [/wrk/2019.1/continuous/2019_05_24_2552052/packages/customer/vivado/data/ip/xilinx/processing_system7_vip_v1_0/hdl/processing_system7_vip_v1_0_vl_rfs.sv:7107]
WARNING: [VRFC 10-3091] actual bit length 12 differs from formal bit length 3 for port 'm_axi_rid' [/wrk/2019.1/continuous/2019_05_24_2552052/packages/customer/vivado/data/ip/xilinx/processing_system7_vip_v1_0/hdl/processing_system7_vip_v1_0_vl_rfs.sv:7125]
WARNING: [VRFC 10-3091] actual bit length 32 differs from formal bit length 64 for port 'm_axi_rdata' [/wrk/2019.1/continuous/2019_05_24_2552052/packages/customer/vivado/data/ip/xilinx/processing_system7_vip_v1_0/hdl/processing_system7_vip_v1_0_vl_rfs.sv:7126]
WARNING: [VRFC 10-3027] 'ocm_wr_strb_port0' was previously declared with a different range [/wrk/2019.1/continuous/2019_05_24_2552052/packages/customer/vivado/data/ip/xilinx/processing_system7_vip_v1_0/hdl/processing_system7_vip_v1_0_vl_rfs.sv:3759]
WARNING: [VRFC 10-3283] element index 64 into 'wrp_strb' is out of bounds [/wrk/2019.1/continuous/2019_05_24_2552052/packages/customer/vivado/data/ip/xilinx/processing_system7_vip_v1_0/hdl/processing_system7_vip_v1_0_vl_rfs.sv:6084]
WARNING: [VRFC 10-3283] element index 128 into 'wrp_strb' is out of bounds [/wrk/2019.1/continuous/2019_05_24_2552052/packages/customer/vivado/data/ip/xilinx/processing_system7_vip_v1_0/hdl/processing_system7_vip_v1_0_vl_rfs.sv:10844]
WARNING: [VRFC 10-3283] element index 128 into 'wrp_strb' is out of bounds [/wrk/2019.1/continuous/2019_05_24_2552052/packages/customer/vivado/data/ip/xilinx/processing_system7_vip_v1_0/hdl/processing_system7_vip_v1_0_vl_rfs.sv:7722]
WARNING: [VRFC 10-3705] select index 4 into 'wr_fifo_rd_ptr' is out of bounds [/wrk/2019.1/continuous/2019_05_24_2552052/packages/customer/vivado/data/ip/xilinx/processing_system7_vip_v1_0/hdl/processing_system7_vip_v1_0_vl_rfs.sv:7935]
WARNING: [VRFC 10-3705] select index 4 into 'ar_cnt' is out of bounds [/wrk/2019.1/continuous/2019_05_24_2552052/packages/customer/vivado/data/ip/xilinx/processing_system7_vip_v1_0/hdl/processing_system7_vip_v1_0_vl_rfs.sv:8074]
WARNING: [VRFC 10-3705] select index 4 into 'wr_rresp_cnt' is out of bounds [/wrk/2019.1/continuous/2019_05_24_2552052/packages/customer/vivado/data/ip/xilinx/processing_system7_vip_v1_0/hdl/processing_system7_vip_v1_0_vl_rfs.sv:8171]
WARNING: [VRFC 10-3705] select index 4 into 'rd_fifo_wr_ptr' is out of bounds [/wrk/2019.1/continuous/2019_05_24_2552052/packages/customer/vivado/data/ip/xilinx/processing_system7_vip_v1_0/hdl/processing_system7_vip_v1_0_vl_rfs.sv:8190]
WARNING: [VRFC 10-3705] select index 4 into 'rd_cnt' is out of bounds [/wrk/2019.1/continuous/2019_05_24_2552052/packages/customer/vivado/data/ip/xilinx/processing_system7_vip_v1_0/hdl/processing_system7_vip_v1_0_vl_rfs.sv:8331]
WARNING: [VRFC 10-3705] select index 4 into 'rresp_time_cnt' is out of bounds [/wrk/2019.1/continuous/2019_05_24_2552052/packages/customer/vivado/data/ip/xilinx/processing_system7_vip_v1_0/hdl/processing_system7_vip_v1_0_vl_rfs.sv:8336]
WARNING: [VRFC 10-3705] select index 4 into 'rd_fifo_rd_ptr' is out of bounds [/wrk/2019.1/continuous/2019_05_24_2552052/packages/customer/vivado/data/ip/xilinx/processing_system7_vip_v1_0/hdl/processing_system7_vip_v1_0_vl_rfs.sv:8341]
Completed static elaboration
Starting simulation data flow analysis
Completed simulation data flow analysis
Time Resolution for simulation is 1ps
Compiling package std.standard
Compiling package std.textio
Compiling package ieee.std_logic_1164
Compiling package ieee.numeric_std
Compiling package unisim.vcomponents
Compiling package ieee.vital_timing
Compiling package ieee.vital_primitives
Compiling package unisim.vpkg
Compiling package ieee.std_logic_arith
Compiling package synopsys.attributes
Compiling package ieee.std_logic_misc
Compiling package vl.vl_types
Compiling module xil_defaultlib.glbl
Compiling architecture behavioral of entity xil_defaultlib.AXI4_Lite_Slave [axi4_lite_slave_default]
Compiling architecture zynq_design_axi4_lite_slave_0_0_arch of entity xil_defaultlib.Zynq_Design_AXI4_Lite_Slave_0_0 [zynq_design_axi4_lite_slave_0_0_...]
Compiling module xlslice_v1_0_2.xlslice_v1_0_2_xlslice(DIN_FROM=...
Compiling module xil_defaultlib.Zynq_Design_xlslice_0_0
Compiling architecture structure of entity xil_defaultlib.LED_imp_1HIOZQI [led_imp_1hiozqi_default]
Compiling architecture behavioral of entity xil_defaultlib.Local_Bus_Register_Block [local_bus_register_block_default]
Compiling architecture zynq_design_local_bus_register_b_0_0_arch of entity xil_defaultlib.Zynq_Design_Local_Bus_Register_B_0_0 [zynq_design_local_bus_register_b...]
Compiling architecture behavioral of entity xil_defaultlib.FIFO_Interface [fifo_interface_default]
Compiling architecture zynq_design_fifo_interface_0_0_arch of entity xil_defaultlib.Zynq_Design_FIFO_Interface_0_0 [zynq_design_fifo_interface_0_0_d...]
Compiling architecture behavioral of entity xil_defaultlib.Microphone_Controller_Timer [microphone_controller_timer_defa...]
Compiling architecture zynq_design_microphone_controlle_0_0_arch of entity xil_defaultlib.Zynq_Design_Microphone_Controlle_0_0 [zynq_design_microphone_controlle...]
Compiling architecture behavioral of entity xil_defaultlib.Microphone_Driver [microphone_driver_default]
Compiling architecture zynq_design_microphone_driver_0_0_arch of entity xil_defaultlib.Zynq_Design_Microphone_Driver_0_0 [zynq_design_microphone_driver_0_...]
Compiling module fifo_generator_v13_2_4.fifo_generator_v13_2_4_sync_stag...
Compiling module fifo_generator_v13_2_4.fifo_generator_v13_2_4_bhv_ver_a...
Compiling module fifo_generator_v13_2_4.fifo_generator_v13_2_4_bhv_ver_p...
Compiling module fifo_generator_v13_2_4.fifo_generator_v13_2_4_CONV_VER(...
Compiling module fifo_generator_v13_2_4.fifo_generator_vlog_beh(C_DATA_C...
Compiling module xil_defaultlib.Zynq_Design_fifo_generator_0_0
Compiling module xlconcat_v2_1_3.xlconcat_v2_1_3_xlconcat(IN0_WID...
Compiling module xil_defaultlib.Zynq_Design_xlconcat_0_1
Compiling module xlslice_v1_0_2.xlslice_v1_0_2_xlslice(DIN_FROM=...
Compiling module xil_defaultlib.Zynq_Design_xlslice_0_5
Compiling module xil_defaultlib.Zynq_Design_xlslice_0_6
Compiling module xlslice_v1_0_2.xlslice_v1_0_2_xlslice(DIN_FROM=...
Compiling module xil_defaultlib.Zynq_Design_xlslice_1_1
Compiling architecture structure of entity xil_defaultlib.MEMS_Microphone_imp_5MCUJ0 [mems_microphone_imp_5mcuj0_defau...]
Compiling architecture behavioral of entity xil_defaultlib.SSD_Controller [ssd_controller_default]
Compiling architecture zynq_design_ssd_controller_0_0_arch of entity xil_defaultlib.Zynq_Design_SSD_Controller_0_0 [zynq_design_ssd_controller_0_0_d...]
Compiling module xlslice_v1_0_2.xlslice_v1_0_2_xlslice(DIN_FROM=...
Compiling module xil_defaultlib.Zynq_Design_xlslice_0_3
Compiling module xlslice_v1_0_2.xlslice_v1_0_2_xlslice(DIN_FROM=...
Compiling module xil_defaultlib.Zynq_Design_xlslice_0_4
Compiling architecture structure of entity xil_defaultlib.SSD_Controller_imp_7PZX22 [ssd_controller_imp_7pzx22_defaul...]
Compiling architecture behavioral of entity xil_defaultlib.AXI_UART_Control_Adapter [axi_uart_control_adapter_default]
Compiling architecture zynq_design_axi_uart_control_ada_0_0_arch of entity xil_defaultlib.Zynq_Design_AXI_UART_Control_Ada_0_0 [zynq_design_axi_uart_control_ada...]
Compiling architecture behavioral of entity xil_defaultlib.Debouncer [debouncer_default]
Compiling architecture top_bd_debouncer_0_0_arch of entity xil_defaultlib.TOP_BD_Debouncer_0_0 [top_bd_debouncer_0_0_default]
Compiling module fifo_generator_v13_2_4.fifo_generator_v13_2_4_sync_stag...
Compiling module fifo_generator_v13_2_4.fifo_generator_v13_2_4_bhv_ver_a...
Compiling module fifo_generator_v13_2_4.fifo_generator_v13_2_4_CONV_VER(...
Compiling module fifo_generator_v13_2_4.fifo_generator_vlog_beh(C_DATA_C...
Compiling module xil_defaultlib.TOP_BD_fifo_generator_0_1
Compiling architecture behavioral of entity xil_defaultlib.Reset_Controller [reset_controller_default]
Compiling architecture top_bd_reset_controller_0_0_arch of entity xil_defaultlib.TOP_BD_Reset_Controller_0_0 [top_bd_reset_controller_0_0_defa...]
Compiling module xil_defaultlib.TOP_BD_fifo_generator_0_0
Compiling architecture behavioral of entity xil_defaultlib.UART [uart_default]
Compiling architecture top_bd_uart_0_0_arch of entity xil_defaultlib.TOP_BD_UART_0_0 [top_bd_uart_0_0_default]
Compiling architecture behavioral of entity xil_defaultlib.UART_Debug [uart_debug_default]
Compiling architecture top_bd_uart_debug_0_0_arch of entity xil_defaultlib.TOP_BD_UART_Debug_0_0 [top_bd_uart_debug_0_0_default]
Compiling architecture structure of entity xil_defaultlib.TOP_BD [top_bd_default]
Compiling architecture structure of entity xil_defaultlib.TOP_BD_wrapper [top_bd_wrapper_default]
Compiling architecture zynq_design_uart_v1_9_0_0_arch of entity xil_defaultlib.Zynq_Design_UART_V1_9_0_0 [zynq_design_uart_v1_9_0_0_defaul...]
Compiling module xlconcat_v2_1_3.xlconcat_v2_1_3_xlconcat_default
Compiling module xil_defaultlib.Zynq_Design_xlconcat_0_0
Compiling module xil_defaultlib.Zynq_Design_xlslice_0_1
Compiling module xlslice_v1_0_2.xlslice_v1_0_2_xlslice
Compiling module xil_defaultlib.Zynq_Design_xlslice_0_2
Compiling module xlslice_v1_0_2.xlslice_v1_0_2_xlslice(DIN_FROM=...
Compiling module xil_defaultlib.Zynq_Design_xlslice_1_0
Compiling module xlslice_v1_0_2.xlslice_v1_0_2_xlslice(DIN_FROM=...
Compiling module xil_defaultlib.Zynq_Design_xlslice_2_0
Compiling architecture structure of entity xil_defaultlib.UART_imp_2MWFNC [uart_imp_2mwfnc_default]
Compiling module xil_defaultlib.bd_8632_g_inst_0_gigantic_mux(C_...
Compiling module xil_defaultlib.bd_8632_g_inst_0
Compiling architecture bd_8632_ila_lib_0_arch of entity xil_defaultlib.bd_8632_ila_lib_0 [bd_8632_ila_lib_0_default]
Compiling module xlconcat_v2_1_3.xlconcat_v2_1_3_xlconcat_default...
Compiling module xil_defaultlib.bd_8632_slot_0_ar_0
Compiling module xlconcat_v2_1_3.xlconcat_v2_1_3_xlconcat_default...
Compiling module xil_defaultlib.bd_8632_slot_0_aw_0
Compiling module xlconcat_v2_1_3.xlconcat_v2_1_3_xlconcat_default...
Compiling module xil_defaultlib.bd_8632_slot_0_b_0
Compiling module xlconcat_v2_1_3.xlconcat_v2_1_3_xlconcat_default...
Compiling module xil_defaultlib.bd_8632_slot_0_r_0
Compiling module xlconcat_v2_1_3.xlconcat_v2_1_3_xlconcat_default...
Compiling module xil_defaultlib.bd_8632_slot_0_w_0
Compiling architecture structure of entity xil_defaultlib.bd_8632 [bd_8632_default]
Compiling architecture zynq_design_system_ila_0_0_arch of entity xil_defaultlib.Zynq_Design_system_ila_0_0 [zynq_design_system_ila_0_0_defau...]
Compiling architecture structure of entity xil_defaultlib.debugger_imp_1QXV2S6 [debugger_imp_1qxv2s6_default]
Compiling architecture structure of entity xil_defaultlib.PL_imp_1ENBX6M [pl_imp_1enbx6m_default]
Compiling module processing_system7_vip_v1_0_7.processing_system7_vip_v1_0_7_ge...
Compiling module processing_system7_vip_v1_0_7.processing_system7_vip_v1_0_7_ge...
Compiling module processing_system7_vip_v1_0_7.processing_system7_vip_v1_0_7_ar...
Compiling module processing_system7_vip_v1_0_7.processing_system7_vip_v1_0_7_ar...
Compiling module processing_system7_vip_v1_0_7.processing_system7_vip_v1_0_7_fm...
Compiling module processing_system7_vip_v1_0_7.processing_system7_vip_v1_0_7_ar...
Compiling module processing_system7_vip_v1_0_7.processing_system7_vip_v1_0_7_ar...
Compiling module processing_system7_vip_v1_0_7.processing_system7_vip_v1_0_7_ar...
Compiling module processing_system7_vip_v1_0_7.processing_system7_vip_v1_0_7_ar...
Compiling module processing_system7_vip_v1_0_7.processing_system7_vip_v1_0_7_ss...
Compiling module processing_system7_vip_v1_0_7.processing_system7_vip_v1_0_7_in...
Compiling module processing_system7_vip_v1_0_7.processing_system7_vip_v1_0_7_sp...
Compiling module processing_system7_vip_v1_0_7.processing_system7_vip_v1_0_7_dd...
Compiling module processing_system7_vip_v1_0_7.processing_system7_vip_v1_0_7_oc...
Compiling module processing_system7_vip_v1_0_7.processing_system7_vip_v1_0_7_oc...
Compiling module processing_system7_vip_v1_0_7.processing_system7_vip_v1_0_7_re...
Compiling module processing_system7_vip_v1_0_7.processing_system7_vip_v1_0_7_re...
Compiling module xilinx_vip.axi_vip_axi4pc(WDATA_WIDTH=32,RD...
Compiling module xilinx_vip.cb
Compiling module xilinx_vip.axi_vip_if(C_AXI_PROTOCOL=1,C_AX...
Compiling module axi_vip_v1_1_5.axi_vip_v1_1_5_top(C_AXI_PROTOCO...
Compiling module processing_system7_vip_v1_0_7.processing_system7_vip_v1_0_7_ax...
Compiling module processing_system7_vip_v1_0_7.processing_system7_vip_v1_0_7_ax...
Compiling module xilinx_vip.axi_vip_axi4pc(WDATA_WIDTH=32,RD...
Compiling module xilinx_vip.cb
Compiling module xilinx_vip.axi_vip_if(C_AXI_PROTOCOL=1,C_AX...
Compiling module axi_vip_v1_1_5.axi_vip_v1_1_5_top(C_AXI_PROTOCO...
Compiling module processing_system7_vip_v1_0_7.processing_system7_vip_v1_0_7_ax...
Compiling module processing_system7_vip_v1_0_7.processing_system7_vip_v1_0_7_ax...
Compiling module xilinx_vip.axi_vip_axi4pc(PROTOCOL=1,RID_WI...
Compiling module xilinx_vip.cb
Compiling module xilinx_vip.axi_vip_if(C_AXI_PROTOCOL=1,C_AX...
Compiling module axi_vip_v1_1_5.axi_vip_v1_1_5_top(C_AXI_PROTOCO...
Compiling module processing_system7_vip_v1_0_7.processing_system7_vip_v1_0_7_in...
Compiling module processing_system7_vip_v1_0_7.processing_system7_vip_v1_0_7_af...
Compiling module processing_system7_vip_v1_0_7.processing_system7_vip_v1_0_7_af...
Compiling module processing_system7_vip_v1_0_7.processing_system7_vip_v1_0_7_af...
Compiling module processing_system7_vip_v1_0_7.processing_system7_vip_v1_0_7_af...
Compiling module xilinx_vip.axi_vip_axi4pc(PROTOCOL=1,RID_WI...
Compiling module xilinx_vip.cb
Compiling module xilinx_vip.axi_vip_if(C_AXI_PROTOCOL=1,C_AX...
Compiling module axi_vip_v1_1_5.axi_vip_v1_1_5_top(C_AXI_PROTOCO...
Compiling module processing_system7_vip_v1_0_7.processing_system7_vip_v1_0_7_ax...
Compiling module processing_system7_vip_v1_0_7.processing_system7_vip_v1_0_7(C_...
Compiling module xil_defaultlib.Zynq_Design_processing_system7_0...
Compiling architecture fdre_v of entity unisim.FDRE [fdre_default]
Compiling architecture fdre_v of entity unisim.FDRE [\FDRE(init='1')\]
Compiling architecture fdr_v of entity unisim.FDR [fdr_default]
Compiling architecture implementation of entity lib_cdc_v1_0_2.cdc_sync [\cdc_sync(c_vector_width=2,c_mtb...]
Compiling architecture srl16e_v of entity unisim.SRL16E [\SRL16E(init="1111111111111111")...]
Compiling architecture srl16_v of entity unisim.SRL16 [\SRL16(init="1111111111111111")(...]
Compiling architecture imp of entity proc_sys_reset_v5_0_13.lpf [\lpf(c_ext_rst_width=4,c_aux_rst...]
Compiling architecture imp of entity proc_sys_reset_v5_0_13.upcnt_n [\upcnt_n(c_size=6)\]
Compiling architecture imp of entity proc_sys_reset_v5_0_13.sequence_psr [sequence_psr_default]
Compiling architecture imp of entity proc_sys_reset_v5_0_13.proc_sys_reset [\proc_sys_reset(c_family="zynq",...]
Compiling architecture zynq_design_rst_ps7_0_50m_0_arch of entity xil_defaultlib.Zynq_Design_rst_ps7_0_50M_0 [zynq_design_rst_ps7_0_50m_0_defa...]
Compiling architecture structure of entity xil_defaultlib.PS_imp_1JHYKHF [ps_imp_1jhykhf_default]
Compiling architecture structure of entity xil_defaultlib.m00_couplers_imp_1GHGV4D [m00_couplers_imp_1ghgv4d_default]
Compiling architecture structure of entity xil_defaultlib.m01_couplers_imp_9P48IB [m01_couplers_imp_9p48ib_default]
Compiling module axi_infrastructure_v1_1_0.axi_infrastructure_v1_1_0_axi2ve...
Compiling module axi_register_slice_v2_1_19.axi_register_slice_v2_1_19_axic_...
Compiling module axi_register_slice_v2_1_19.axi_register_slice_v2_1_19_axic_...
Compiling module axi_register_slice_v2_1_19.axi_register_slice_v2_1_19_axic_...
Compiling module axi_register_slice_v2_1_19.axi_register_slice_v2_1_19_axic_...
Compiling module axi_infrastructure_v1_1_0.axi_infrastructure_v1_1_0_vector...
Compiling module axi_register_slice_v2_1_19.axi_register_slice_v2_1_19_axi_r...
Compiling module axi_protocol_converter_v2_1_19.axi_protocol_converter_v2_1_19_b...
Compiling module axi_protocol_converter_v2_1_19.axi_protocol_converter_v2_1_19_b...
Compiling module axi_protocol_converter_v2_1_19.axi_protocol_converter_v2_1_19_b...
Compiling module axi_protocol_converter_v2_1_19.axi_protocol_converter_v2_1_19_b...
Compiling module axi_protocol_converter_v2_1_19.axi_protocol_converter_v2_1_19_b...
Compiling module axi_protocol_converter_v2_1_19.axi_protocol_converter_v2_1_19_b...
Compiling module axi_protocol_converter_v2_1_19.axi_protocol_converter_v2_1_19_b...
Compiling module axi_protocol_converter_v2_1_19.axi_protocol_converter_v2_1_19_b...
Compiling module axi_protocol_converter_v2_1_19.axi_protocol_converter_v2_1_19_b...
Compiling module axi_protocol_converter_v2_1_19.axi_protocol_converter_v2_1_19_b...
Compiling module axi_protocol_converter_v2_1_19.axi_protocol_converter_v2_1_19_b...
Compiling module axi_protocol_converter_v2_1_19.axi_protocol_converter_v2_1_19_b...
Compiling module axi_protocol_converter_v2_1_19.axi_protocol_converter_v2_1_19_b...
Compiling module axi_infrastructure_v1_1_0.axi_infrastructure_v1_1_0_axi2ve...
Compiling module axi_register_slice_v2_1_19.axi_register_slice_v2_1_19_axic_...
Compiling module axi_register_slice_v2_1_19.axi_register_slice_v2_1_19_axic_...
Compiling module axi_register_slice_v2_1_19.axi_register_slice_v2_1_19_axic_...
Compiling module axi_register_slice_v2_1_19.axi_register_slice_v2_1_19_axic_...
Compiling module axi_infrastructure_v1_1_0.axi_infrastructure_v1_1_0_vector...
Compiling module axi_register_slice_v2_1_19.axi_register_slice_v2_1_19_axi_r...
Compiling module axi_protocol_converter_v2_1_19.axi_protocol_converter_v2_1_19_b...
Compiling module axi_protocol_converter_v2_1_19.axi_protocol_converter_v2_1_19_a...
Compiling module xil_defaultlib.Zynq_Design_auto_pc_0
Compiling architecture structure of entity xil_defaultlib.s00_couplers_imp_MIOAL9 [s00_couplers_imp_mioal9_default]
Compiling module axi_crossbar_v2_1_20.axi_crossbar_v2_1_20_addr_arbite...
Compiling module generic_baseblocks_v2_1_0.generic_baseblocks_v2_1_0_carry_...
Compiling module generic_baseblocks_v2_1_0.generic_baseblocks_v2_1_0_compar...
Compiling module axi_crossbar_v2_1_20.axi_crossbar_v2_1_20_addr_decode...
Compiling module axi_crossbar_v2_1_20.axi_crossbar_v2_1_20_splitter(C_...
Compiling module axi_crossbar_v2_1_20.axi_crossbar_v2_1_20_splitter
Compiling module generic_baseblocks_v2_1_0.generic_baseblocks_v2_1_0_mux_en...
Compiling module generic_baseblocks_v2_1_0.generic_baseblocks_v2_1_0_mux_en...
Compiling module generic_baseblocks_v2_1_0.generic_baseblocks_v2_1_0_mux_en...
Compiling module axi_register_slice_v2_1_19.axi_register_slice_v2_1_19_axic_...
Compiling module generic_baseblocks_v2_1_0.generic_baseblocks_v2_1_0_mux_en...
Compiling module axi_crossbar_v2_1_20.axi_crossbar_v2_1_20_decerr_slav...
Compiling module axi_crossbar_v2_1_20.axi_crossbar_v2_1_20_crossbar_sa...
Compiling module axi_crossbar_v2_1_20.axi_crossbar_v2_1_20_axi_crossba...
Compiling module xil_defaultlib.Zynq_Design_xbar_0
Compiling package xilinx_vip.axi_vip_pkg
Compiling package xilinx_vip.xil_common_vip_pkg
Compiling package std.std
Compiling architecture structure of entity xil_defaultlib.Zynq_Design_ps7_0_axi_periph_0 [zynq_design_ps7_0_axi_periph_0_d...]
Compiling architecture structure of entity xil_defaultlib.TOP_imp_OPTK1T [top_imp_optk1t_default]
Compiling architecture structure of entity xil_defaultlib.Zynq_Design [zynq_design_default]
Compiling architecture structure of entity xil_defaultlib.zynq_design_wrapper
Built simulation snapshot Zynq_Design_wrapper_behav
