#-----------------------------------------------------------
# Webtalk v2019.1 (64-bit)
# SW Build 2552052 on Fri May 24 14:49:42 MDT 2019
# 
# Start of session at: Sat May  1 00:36:18 2021
# Process ID: 24472
# Current directory: G:/Xilinx/Projects/Desktop/AXI_4_Lite_Slave/AXI_4_Lite_Slave.sdk/webtalk
# Command line: wbtcv.exe -mode batch -source sdk_webtalk.tcl
# Log file: G:/Xilinx/Projects/Desktop/AXI_4_Lite_Slave/AXI_4_Lite_Slave.sdk/webtalk/webtalk.log
# Journal file: G:/Xilinx/Projects/Desktop/AXI_4_Lite_Slave/AXI_4_Lite_Slave.sdk/webtalk\webtalk.jou
#-----------------------------------------------------------
source sdk_webtalk.tcl
# webtalk_init -webtalk_dir G:\\Xilinx\\Projects\\Desktop\\AXI_4_Lite_Slave\\AXI_4_Lite_Slave.sdk\\webtalk
# webtalk_register_client -client project
# webtalk_add_data -client project -key date_generated -value "2021-05-01 00:36:17" -context "software_version_and_target_device"
# webtalk_add_data -client project -key product_version -value "SDK v2019.1" -context "software_version_and_target_device"
# webtalk_add_data -client project -key build_version -value "2019.1" -context "software_version_and_target_device"
# webtalk_add_data -client project -key os_platform -value "amd64" -context "software_version_and_target_device"
# webtalk_add_data -client project -key registration_id -value "" -context "software_version_and_target_device"
# webtalk_add_data -client project -key tool_flow -value "SDK" -context "software_version_and_target_device"
# webtalk_add_data -client project -key beta -value "false" -context "software_version_and_target_device"
# webtalk_add_data -client project -key route_design -value "NA" -context "software_version_and_target_device"
# webtalk_add_data -client project -key target_family -value "NA" -context "software_version_and_target_device"
# webtalk_add_data -client project -key target_device -value "NA" -context "software_version_and_target_device"
# webtalk_add_data -client project -key target_package -value "NA" -context "software_version_and_target_device"
# webtalk_add_data -client project -key target_speed -value "NA" -context "software_version_and_target_device"
# webtalk_add_data -client project -key random_id -value "9uejguqho99e3dfkidq28l1q02" -context "software_version_and_target_device"
# webtalk_add_data -client project -key project_id -value "2019.1_11" -context "software_version_and_target_device"
# webtalk_add_data -client project -key project_iteration -value "11" -context "software_version_and_target_device"
# webtalk_add_data -client project -key os_name -value "Microsoft Windows 8 or later , 64-bit" -context "user_environment"
# webtalk_add_data -client project -key os_release -value "major release  (build 9200)" -context "user_environment"
# webtalk_add_data -client project -key cpu_name -value "Intel(R) Core(TM) i7-8700K CPU @ 3.70GHz" -context "user_environment"
# webtalk_add_data -client project -key cpu_speed -value "3696 MHz" -context "user_environment"
# webtalk_add_data -client project -key total_processors -value "1" -context "user_environment"
# webtalk_add_data -client project -key system_ram -value "34.280 GB" -context "user_environment"
# webtalk_register_client -client sdk
# webtalk_add_data -client sdk -key uid -value "1619827316713" -context "sdk\\\\hardware/1619827316713"
# webtalk_add_data -client sdk -key isZynq -value "true" -context "sdk\\\\hardware/1619827316713"
# webtalk_add_data -client sdk -key isZynqMP -value "false" -context "sdk\\\\hardware/1619827316713"
# webtalk_add_data -client sdk -key Processors -value "2" -context "sdk\\\\hardware/1619827316713"
# webtalk_add_data -client sdk -key VivadoVersion -value "2019.1" -context "sdk\\\\hardware/1619827316713"
# webtalk_add_data -client sdk -key Arch -value "zynq" -context "sdk\\\\hardware/1619827316713"
# webtalk_add_data -client sdk -key Device -value "7z020" -context "sdk\\\\hardware/1619827316713"
# webtalk_add_data -client sdk -key IsHandoff -value "true" -context "sdk\\\\hardware/1619827316713"
# webtalk_add_data -client sdk -key os -value "NA" -context "sdk\\\\hardware/1619827316713"
# webtalk_add_data -client sdk -key apptemplate -value "NA" -context "sdk\\\\hardware/1619827316713"
# webtalk_add_data -client sdk -key RecordType -value "HWCreation" -context "sdk\\\\hardware/1619827316713"
# webtalk_add_data -client sdk -key uid -value "1619827589072" -context "sdk\\\\bsp/1619827589072"
# webtalk_add_data -client sdk -key hwid -value "1619827316713" -context "sdk\\\\bsp/1619827589072"
# webtalk_add_data -client sdk -key os -value "standalone" -context "sdk\\\\bsp/1619827589072"
# webtalk_add_data -client sdk -key apptemplate -value "null" -context "sdk\\\\bsp/1619827589072"
# webtalk_add_data -client sdk -key RecordType -value "BSPCreation" -context "sdk\\\\bsp/1619827589072"
# webtalk_add_data -client sdk -key uid -value "1619831117154" -context "sdk\\\\application/1619831117154"
# webtalk_add_data -client sdk -key hwid -value "1619827316713" -context "sdk\\\\application/1619831117154"
# webtalk_add_data -client sdk -key bspid -value "1619827589072" -context "sdk\\\\application/1619831117154"
# webtalk_add_data -client sdk -key newbsp -value "false" -context "sdk\\\\application/1619831117154"
# webtalk_add_data -client sdk -key os -value "standalone" -context "sdk\\\\application/1619831117154"
# webtalk_add_data -client sdk -key apptemplate -value "empty_application" -context "sdk\\\\application/1619831117154"
# webtalk_add_data -client sdk -key RecordType -value "APPCreation" -context "sdk\\\\application/1619831117154"
# webtalk_add_data -client sdk -key LangUsed -value "CPP" -context "sdk\\\\application/1619831117154"
# webtalk_add_data -client sdk -key Procused -value "ps7_cortexa9" -context "sdk\\\\application/1619831117154"
# webtalk_add_data -client sdk -key uid -value "1619843286691" -context "sdk\\\\application/1619843286691"
# webtalk_add_data -client sdk -key hwid -value "1619827316713" -context "sdk\\\\application/1619843286691"
# webtalk_add_data -client sdk -key bspid -value "1619827589072" -context "sdk\\\\application/1619843286691"
# webtalk_add_data -client sdk -key newbsp -value "false" -context "sdk\\\\application/1619843286691"
# webtalk_add_data -client sdk -key os -value "standalone" -context "sdk\\\\application/1619843286691"
# webtalk_add_data -client sdk -key apptemplate -value "hello_world" -context "sdk\\\\application/1619843286691"
# webtalk_add_data -client sdk -key RecordType -value "APPCreation" -context "sdk\\\\application/1619843286691"
# webtalk_add_data -client sdk -key LangUsed -value "C" -context "sdk\\\\application/1619843286691"
# webtalk_add_data -client sdk -key Procused -value "ps7_cortexa9" -context "sdk\\\\application/1619843286691"
# webtalk_add_data -client sdk -key projSize -value "204.48046875" -context "sdk\\\\application/1619843286691"
# webtalk_add_data -client sdk -key uid -value "NA" -context "sdk\\\\bsp/1619843777623"
# webtalk_add_data -client sdk -key RecordType -value "ToolUsage" -context "sdk\\\\bsp/1619843777623"
# webtalk_add_data -client sdk -key BootgenCount -value "1" -context "sdk\\\\bsp/1619843777623"
# webtalk_add_data -client sdk -key DebugCount -value "77" -context "sdk\\\\bsp/1619843777623"
# webtalk_add_data -client sdk -key PerfCount -value "0" -context "sdk\\\\bsp/1619843777623"
# webtalk_add_data -client sdk -key FlashCount -value "0" -context "sdk\\\\bsp/1619843777623"
# webtalk_add_data -client sdk -key CrossTriggCount -value "0" -context "sdk\\\\bsp/1619843777623"
# webtalk_add_data -client sdk -key QemuDebugCount -value "0" -context "sdk\\\\bsp/1619843777623"
# webtalk_transmit -clientid 2004364519 -regid "" -xml G:\\Xilinx\\Projects\\Desktop\\AXI_4_Lite_Slave\\AXI_4_Lite_Slave.sdk\\webtalk\\usage_statistics_ext_sdk.xml -html G:\\Xilinx\\Projects\\Desktop\\AXI_4_Lite_Slave\\AXI_4_Lite_Slave.sdk\\webtalk\\usage_statistics_ext_sdk.html -wdm G:\\Xilinx\\Projects\\Desktop\\AXI_4_Lite_Slave\\AXI_4_Lite_Slave.sdk\\webtalk\\sdk_webtalk.wdm -intro "<H3>SDK Usage Report</H3><BR>"
# webtalk_terminate
INFO: [Common 17-206] Exiting Webtalk at Sat May  1 00:36:20 2021...
